<?xml version="1.0" encoding="UTF-8"?>
<!-- Generated by org.testng.reporters.JUnitXMLReporter -->
<testsuite hostname="DESKTOP-307JQGJ" ignored="1" name="Default test" tests="1" failures="0" timestamp="27 Apr 2022 09:23:43 GMT" time="135.348" errors="0">
  <testcase name="loggedInUserCheckout" time="110.698" classname="com.sultan.qa.testcases.SmokeTest"/>
  <testcase name="guestUserCheckout" time="0.0" classname="com.sultan.qa.testcases.SmokeTest">
    <ignored/>
  </testcase> <!-- guestUserCheckout -->
</testsuite> <!-- Default test -->
