<?xml version="1.0" encoding="UTF-8"?>
<testng-results skipped="0" failed="0" ignored="1" total="2" passed="1">
  <reporter-output>
  </reporter-output>
  <suite name="Default suite" duration-ms="135348" started-at="2022-04-27T09:21:27Z" finished-at="2022-04-27T09:23:43Z">
    <groups>
    </groups>
    <test name="Default test" duration-ms="135348" started-at="2022-04-27T09:21:27Z" finished-at="2022-04-27T09:23:43Z">
      <class name="com.sultan.qa.testcases.SmokeTest">
        <test-method status="PASS" signature="setup()[pri:0, instance:com.sultan.qa.testcases.SmokeTest@6f7fd0e6]" name="setup" is-config="true" duration-ms="23933" started-at="2022-04-27T09:21:27Z" finished-at="2022-04-27T09:21:51Z">
          <reporter-output>
          </reporter-output>
        </test-method> <!-- setup -->
        <test-method status="PASS" signature="loggedInUserCheckout()[pri:1, instance:com.sultan.qa.testcases.SmokeTest@6f7fd0e6]" name="loggedInUserCheckout" duration-ms="110698" started-at="2022-04-27T09:21:51Z" finished-at="2022-04-27T09:23:42Z">
          <reporter-output>
          </reporter-output>
        </test-method> <!-- loggedInUserCheckout -->
        <test-method status="PASS" signature="tearDown()[pri:0, instance:com.sultan.qa.testcases.SmokeTest@6f7fd0e6]" name="tearDown" is-config="true" duration-ms="700" started-at="2022-04-27T09:23:42Z" finished-at="2022-04-27T09:23:43Z">
          <reporter-output>
          </reporter-output>
        </test-method> <!-- tearDown -->
      </class> <!-- com.sultan.qa.testcases.SmokeTest -->
    </test> <!-- Default test -->
  </suite> <!-- Default suite -->
</testng-results>
