<?xml version="1.0" encoding="UTF-8"?>
<testng-results skipped="0" failed="0" ignored="0" total="1" passed="1">
  <reporter-output>
  </reporter-output>
  <suite name="Default suite" duration-ms="38258" started-at="2020-03-12T06:30:24Z" finished-at="2020-03-12T06:31:02Z">
    <groups>
    </groups>
    <test name="Default test" duration-ms="38258" started-at="2020-03-12T06:30:24Z" finished-at="2020-03-12T06:31:02Z">
      <class name="com.sultan.qa.testcases.RegisterationTest">
        <test-method status="PASS" signature="setup()[pri:0, instance:com.sultan.qa.testcases.RegisterationTest@7cd62f43]" name="setup" is-config="true" duration-ms="12362" started-at="2020-03-12T06:30:24Z" finished-at="2020-03-12T06:30:36Z">
          <reporter-output>
          </reporter-output>
        </test-method> <!-- setup -->
        <test-method status="PASS" signature="registerTest()[pri:0, instance:com.sultan.qa.testcases.RegisterationTest@7cd62f43]" name="registerTest" duration-ms="25846" started-at="2020-03-12T06:30:36Z" finished-at="2020-03-12T06:31:02Z">
          <reporter-output>
          </reporter-output>
        </test-method> <!-- registerTest -->
      </class> <!-- com.sultan.qa.testcases.RegisterationTest -->
    </test> <!-- Default test -->
  </suite> <!-- Default suite -->
</testng-results>
